This is pdfTeX, Version 3.141592653-2.6-1.40.23 (TeX Live 2021/W32TeX) (preloaded format=pdflatex 2021.9.3)  19 OCT 2022 12:21
entering extended mode
 restricted \write18 enabled.
 %&-line parsing enabled.
**bare_jrnl.tex
(./bare_jrnl.tex
LaTeX2e <2021-06-01> patch level 1
L3 programming layer <2021-08-27> (./IEEEtran.cls
Document Class: IEEEtran 2015/08/26 V1.8b by Michael Shell
-- See the "IEEEtran_HOWTO" manual for usage information.
-- http://www.michaelshell.org/tex/ieeetran/
\@IEEEtrantmpdimenA=\dimen138
\@IEEEtrantmpdimenB=\dimen139
\@IEEEtrantmpdimenC=\dimen140
\@IEEEtrantmpcountA=\count182
\@IEEEtrantmpcountB=\count183
\@IEEEtrantmpcountC=\count184
\@IEEEtrantmptoksA=\toks16
LaTeX Font Info:    Trying to load font information for OT1+ptm on input line 5
03.
(d:/texlive/2021/texmf-dist/tex/latex/psnfss/ot1ptm.fd
File: ot1ptm.fd 2001/06/04 font definitions for OT1/ptm.
)
-- Using 8.5in x 11in (letter) paper.
-- Using PDF output.
\@IEEEnormalsizeunitybaselineskip=\dimen141
-- This is a 10 point document.
\CLASSINFOnormalsizebaselineskip=\dimen142
\CLASSINFOnormalsizeunitybaselineskip=\dimen143
\IEEEnormaljot=\dimen144
LaTeX Font Info:    Font shape `OT1/ptm/bx/n' in size <5> not available
(Font)              Font shape `OT1/ptm/b/n' tried instead on input line 1090.
LaTeX Font Info:    Font shape `OT1/ptm/bx/it' in size <5> not available
(Font)              Font shape `OT1/ptm/b/it' tried instead on input line 1090.

LaTeX Font Info:    Font shape `OT1/ptm/bx/n' in size <7> not available
(Font)              Font shape `OT1/ptm/b/n' tried instead on input line 1090.
LaTeX Font Info:    Font shape `OT1/ptm/bx/it' in size <7> not available
(Font)              Font shape `OT1/ptm/b/it' tried instead on input line 1090.

LaTeX Font Info:    Font shape `OT1/ptm/bx/n' in size <8> not available
(Font)              Font shape `OT1/ptm/b/n' tried instead on input line 1090.
LaTeX Font Info:    Font shape `OT1/ptm/bx/it' in size <8> not available
(Font)              Font shape `OT1/ptm/b/it' tried instead on input line 1090.

LaTeX Font Info:    Font shape `OT1/ptm/bx/n' in size <9> not available
(Font)              Font shape `OT1/ptm/b/n' tried instead on input line 1090.
LaTeX Font Info:    Font shape `OT1/ptm/bx/it' in size <9> not available
(Font)              Font shape `OT1/ptm/b/it' tried instead on input line 1090.

LaTeX Font Info:    Font shape `OT1/ptm/bx/n' in size <10> not available
(Font)              Font shape `OT1/ptm/b/n' tried instead on input line 1090.
LaTeX Font Info:    Font shape `OT1/ptm/bx/it' in size <10> not available
(Font)              Font shape `OT1/ptm/b/it' tried instead on input line 1090.

LaTeX Font Info:    Font shape `OT1/ptm/bx/n' in size <11> not available
(Font)              Font shape `OT1/ptm/b/n' tried instead on input line 1090.
LaTeX Font Info:    Font shape `OT1/ptm/bx/it' in size <11> not available
(Font)              Font shape `OT1/ptm/b/it' tried instead on input line 1090.

LaTeX Font Info:    Font shape `OT1/ptm/bx/n' in size <12> not available
(Font)              Font shape `OT1/ptm/b/n' tried instead on input line 1090.
LaTeX Font Info:    Font shape `OT1/ptm/bx/it' in size <12> not available
(Font)              Font shape `OT1/ptm/b/it' tried instead on input line 1090.

LaTeX Font Info:    Font shape `OT1/ptm/bx/n' in size <17> not available
(Font)              Font shape `OT1/ptm/b/n' tried instead on input line 1090.
LaTeX Font Info:    Font shape `OT1/ptm/bx/it' in size <17> not available
(Font)              Font shape `OT1/ptm/b/it' tried instead on input line 1090.

LaTeX Font Info:    Font shape `OT1/ptm/bx/n' in size <20> not available
(Font)              Font shape `OT1/ptm/b/n' tried instead on input line 1090.
LaTeX Font Info:    Font shape `OT1/ptm/bx/it' in size <20> not available
(Font)              Font shape `OT1/ptm/b/it' tried instead on input line 1090.

LaTeX Font Info:    Font shape `OT1/ptm/bx/n' in size <24> not available
(Font)              Font shape `OT1/ptm/b/n' tried instead on input line 1090.
LaTeX Font Info:    Font shape `OT1/ptm/bx/it' in size <24> not available
(Font)              Font shape `OT1/ptm/b/it' tried instead on input line 1090.

\IEEEquantizedlength=\dimen145
\IEEEquantizedlengthdiff=\dimen146
\IEEEquantizedtextheightdiff=\dimen147
\IEEEilabelindentA=\dimen148
\IEEEilabelindentB=\dimen149
\IEEEilabelindent=\dimen150
\IEEEelabelindent=\dimen151
\IEEEdlabelindent=\dimen152
\IEEElabelindent=\dimen153
\IEEEiednormlabelsep=\dimen154
\IEEEiedmathlabelsep=\dimen155
\IEEEiedtopsep=\skip47
\c@section=\count185
\c@subsection=\count186
\c@subsubsection=\count187
\c@paragraph=\count188
\c@IEEEsubequation=\count189
\abovecaptionskip=\skip48
\belowcaptionskip=\skip49
\c@figure=\count190
\c@table=\count191
\@IEEEeqnnumcols=\count192
\@IEEEeqncolcnt=\count193
\@IEEEsubeqnnumrollback=\count194
\@IEEEquantizeheightA=\dimen156
\@IEEEquantizeheightB=\dimen157
\@IEEEquantizeheightC=\dimen158
\@IEEEquantizeprevdepth=\dimen159
\@IEEEquantizemultiple=\count195
\@IEEEquantizeboxA=\box50
\@IEEEtmpitemindent=\dimen160
\IEEEPARstartletwidth=\dimen161
\c@IEEEbiography=\count196
\@IEEEtranrubishbin=\box51
) (d:/texlive/2021/texmf-dist/tex/latex/graphics/graphicx.sty
Package: graphicx 2020/12/05 v1.2c Enhanced LaTeX Graphics (DPC,SPQR)

(d:/texlive/2021/texmf-dist/tex/latex/graphics/keyval.sty
Package: keyval 2014/10/28 v1.15 key=value parser (DPC)
\KV@toks@=\toks17
)
(d:/texlive/2021/texmf-dist/tex/latex/graphics/graphics.sty
Package: graphics 2021/03/04 v1.4d Standard LaTeX Graphics (DPC,SPQR)

(d:/texlive/2021/texmf-dist/tex/latex/graphics/trig.sty
Package: trig 2016/01/03 v1.10 sin cos tan (DPC)
)
(d:/texlive/2021/texmf-dist/tex/latex/graphics-cfg/graphics.cfg
File: graphics.cfg 2016/06/04 v1.11 sample graphics configuration
)
Package graphics Info: Driver file: pdftex.def on input line 107.

(d:/texlive/2021/texmf-dist/tex/latex/graphics-def/pdftex.def
File: pdftex.def 2020/10/05 v1.2a Graphics/color driver for pdftex
))
\Gin@req@height=\dimen162
\Gin@req@width=\dimen163
)
(d:/texlive/2021/texmf-dist/tex/latex/amsfonts/amssymb.sty
Package: amssymb 2013/01/14 v3.01 AMS font symbols

(d:/texlive/2021/texmf-dist/tex/latex/amsfonts/amsfonts.sty
Package: amsfonts 2013/01/14 v3.01 Basic AMSFonts support
\@emptytoks=\toks18
\symAMSa=\mathgroup4
\symAMSb=\mathgroup5
LaTeX Font Info:    Redeclaring math symbol \hbar on input line 98.
LaTeX Font Info:    Overwriting math alphabet `\mathfrak' in version `bold'
(Font)                  U/euf/m/n --> U/euf/b/n on input line 106.
))
(d:/texlive/2021/texmf-dist/tex/latex/epstopdf-pkg/epstopdf.sty
Package: epstopdf 2020-01-24 v2.11 Conversion with epstopdf on the fly (HO)

(d:/texlive/2021/texmf-dist/tex/generic/infwarerr/infwarerr.sty
Package: infwarerr 2019/12/03 v1.5 Providing info/warning/error messages (HO)
)
(d:/texlive/2021/texmf-dist/tex/latex/grfext/grfext.sty
Package: grfext 2019/12/03 v1.3 Manage graphics extensions (HO)

(d:/texlive/2021/texmf-dist/tex/generic/kvdefinekeys/kvdefinekeys.sty
Package: kvdefinekeys 2019-12-19 v1.6 Define keys (HO)
))
(d:/texlive/2021/texmf-dist/tex/latex/kvoptions/kvoptions.sty
Package: kvoptions 2020-10-07 v3.14 Key value format for package options (HO)

(d:/texlive/2021/texmf-dist/tex/generic/ltxcmds/ltxcmds.sty
Package: ltxcmds 2020-05-10 v1.25 LaTeX kernel commands for general use (HO)
)
(d:/texlive/2021/texmf-dist/tex/generic/kvsetkeys/kvsetkeys.sty
Package: kvsetkeys 2019/12/15 v1.18 Key value parser (HO)
))
(d:/texlive/2021/texmf-dist/tex/generic/pdftexcmds/pdftexcmds.sty
Package: pdftexcmds 2020-06-27 v0.33 Utility functions of pdfTeX for LuaTeX (HO
)

(d:/texlive/2021/texmf-dist/tex/generic/iftex/iftex.sty
Package: iftex 2020/03/06 v1.0d TeX engine tests
)
Package pdftexcmds Info: \pdf@primitive is available.
Package pdftexcmds Info: \pdf@ifprimitive is available.
Package pdftexcmds Info: \pdfdraftmode found.
)
(d:/texlive/2021/texmf-dist/tex/latex/epstopdf-pkg/epstopdf-base.sty
Package: epstopdf-base 2020-01-24 v2.11 Base part for package epstopdf
Package epstopdf-base Info: Redefining graphics rule for `.eps' on input line 4
85.
Package grfext Info: Graphics extension search list:
(grfext)             [.pdf,.png,.jpg,.mps,.jpeg,.jbig2,.jb2,.PDF,.PNG,.JPG,.JPE
G,.JBIG2,.JB2,.eps]
(grfext)             \AppendGraphicsExtensions on input line 504.

(d:/texlive/2021/texmf-dist/tex/latex/latexconfig/epstopdf-sys.cfg
File: epstopdf-sys.cfg 2010/07/13 v1.3 Configuration of (r)epstopdf for TeX Liv
e
)))
(d:/texlive/2021/texmf-dist/tex/latex/url/url.sty
\Urlmuskip=\muskip16
Package: url 2013/09/16  ver 3.4  Verb mode for urls, etc.
)
(d:/texlive/2021/texmf-dist/tex/latex/amsmath/amsmath.sty
Package: amsmath 2021/04/20 v2.17j AMS math features
\@mathmargin=\skip50

For additional information on amsmath, use the `?' option.
(d:/texlive/2021/texmf-dist/tex/latex/amsmath/amstext.sty
Package: amstext 2000/06/29 v2.01 AMS text

(d:/texlive/2021/texmf-dist/tex/latex/amsmath/amsgen.sty
File: amsgen.sty 1999/11/30 v2.0 generic functions
\@emptytoks=\toks19
\ex@=\dimen164
))
(d:/texlive/2021/texmf-dist/tex/latex/amsmath/amsbsy.sty
Package: amsbsy 1999/11/29 v1.2d Bold Symbols
\pmbraise@=\dimen165
)
(d:/texlive/2021/texmf-dist/tex/latex/amsmath/amsopn.sty
Package: amsopn 2016/03/08 v2.02 operator names
)
\inf@bad=\count197
LaTeX Info: Redefining \frac on input line 234.
\uproot@=\count198
\leftroot@=\count199
LaTeX Info: Redefining \overline on input line 399.
\classnum@=\count266
\DOTSCASE@=\count267
LaTeX Info: Redefining \ldots on input line 496.
LaTeX Info: Redefining \dots on input line 499.
LaTeX Info: Redefining \cdots on input line 620.
\Mathstrutbox@=\box52
\strutbox@=\box53
\big@size=\dimen166
LaTeX Font Info:    Redeclaring font encoding OML on input line 743.
LaTeX Font Info:    Redeclaring font encoding OMS on input line 744.
\macc@depth=\count268
\c@MaxMatrixCols=\count269
\dotsspace@=\muskip17
\c@parentequation=\count270
\dspbrk@lvl=\count271
\tag@help=\toks20
\row@=\count272
\column@=\count273
\maxfields@=\count274
\andhelp@=\toks21
\eqnshift@=\dimen167
\alignsep@=\dimen168
\tagshift@=\dimen169
\tagwidth@=\dimen170
\totwidth@=\dimen171
\lineht@=\dimen172
\@envbody=\toks22
\multlinegap=\skip51
\multlinetaggap=\skip52
\mathdisplay@stack=\toks23
LaTeX Info: Redefining \[ on input line 2923.
LaTeX Info: Redefining \] on input line 2924.
)
(d:/texlive/2021/texmf-dist/tex/latex/mathtools/mathtools.sty
Package: mathtools 2021/04/12 v1.27 mathematical typesetting tools

(d:/texlive/2021/texmf-dist/tex/latex/tools/calc.sty
Package: calc 2017/05/25 v4.3 Infix arithmetic (KKT,FJ)
\calc@Acount=\count275
\calc@Bcount=\count276
\calc@Adimen=\dimen173
\calc@Bdimen=\dimen174
\calc@Askip=\skip53
\calc@Bskip=\skip54
LaTeX Info: Redefining \setlength on input line 80.
LaTeX Info: Redefining \addtolength on input line 81.
\calc@Ccount=\count277
\calc@Cskip=\skip55
)
(d:/texlive/2021/texmf-dist/tex/latex/mathtools/mhsetup.sty
Package: mhsetup 2021/03/18 v1.4 programming setup (MH)
)
LaTeX Info: Thecontrolsequence`\('isalreadyrobust on input line 130.
LaTeX Info: Thecontrolsequence`\)'isalreadyrobust on input line 130.
LaTeX Info: Thecontrolsequence`\['isalreadyrobust on input line 130.
LaTeX Info: Thecontrolsequence`\]'isalreadyrobust on input line 130.
\g_MT_multlinerow_int=\count278
\l_MT_multwidth_dim=\dimen175
\origjot=\skip56
\l_MT_shortvdotswithinadjustabove_dim=\dimen176
\l_MT_shortvdotswithinadjustbelow_dim=\dimen177
\l_MT_above_intertext_sep=\dimen178
\l_MT_below_intertext_sep=\dimen179
\l_MT_above_shortintertext_sep=\dimen180
\l_MT_below_shortintertext_sep=\dimen181
\xmathstrut@box=\box54
\xmathstrut@dim=\dimen182
)
(d:/texlive/2021/texmf-dist/tex/latex/booktabs/booktabs.sty
Package: booktabs 2020/01/12 v1.61803398 Publication quality tables
\heavyrulewidth=\dimen183
\lightrulewidth=\dimen184
\cmidrulewidth=\dimen185
\belowrulesep=\dimen186
\belowbottomsep=\dimen187
\aboverulesep=\dimen188
\abovetopsep=\dimen189
\cmidrulesep=\dimen190
\cmidrulekern=\dimen191
\defaultaddspace=\dimen192
\@cmidla=\count279
\@cmidlb=\count280
\@aboverulesep=\dimen193
\@belowrulesep=\dimen194
\@thisruleclass=\count281
\@lastruleclass=\count282
\@thisrulewidth=\dimen195
)
(d:/texlive/2021/texmf-dist/tex/latex/threeparttable/threeparttable.sty
Package: threeparttable 2003/06/13  v 3.0
\@tempboxb=\box55
)
(d:/texlive/2021/texmf-dist/tex/latex/float/float.sty
Package: float 2001/11/08 v1.3d Float enhancements (AL)
\c@float@type=\count283
\float@exts=\toks24
\float@box=\box56
\@float@everytoks=\toks25
\@floatcapt=\box57
)
(d:/texlive/2021/texmf-dist/tex/latex/graphics/color.sty
Package: color 2020/02/24 v1.2b Standard LaTeX Color (DPC)

(d:/texlive/2021/texmf-dist/tex/latex/graphics-cfg/color.cfg
File: color.cfg 2016/01/02 v1.6 sample color configuration
)
Package color Info: Driver file: pdftex.def on input line 149.
)
(d:/texlive/2021/texmf-dist/tex/generic/soul/soul.sty
Package: soul 2003/11/17 v2.4 letterspacing/underlining (mf)
\SOUL@word=\toks26
\SOUL@lasttoken=\toks27
\SOUL@cmds=\toks28
\SOUL@buffer=\toks29
\SOUL@token=\toks30
\SOUL@spaceskip=\skip57
\SOUL@ttwidth=\dimen196
\SOUL@uldp=\dimen197
\SOUL@ulht=\dimen198
)
(d:/texlive/2021/texmf-dist/tex/latex/tools/tabularx.sty
Package: tabularx 2020/01/15 v2.11c `tabularx' package (DPC)

(d:/texlive/2021/texmf-dist/tex/latex/tools/array.sty
Package: array 2021/04/20 v2.5e Tabular extension package (FMi)
\col@sep=\dimen199
\ar@mcellbox=\box58
\extrarowheight=\dimen256
\NC@list=\toks31
\extratabsurround=\skip58
\backup@length=\skip59
\ar@cellbox=\box59
)
\TX@col@width=\dimen257
\TX@old@table=\dimen258
\TX@old@col=\dimen259
\TX@target=\dimen260
\TX@delta=\dimen261
\TX@cols=\count284
\TX@ftn=\toks32
)
(d:/texlive/2021/texmf-dist/tex/latex/tabu/tabu.sty
Package: tabu 2019/01/11 v2.9 - flexible LaTeX tabulars (FC+tabu-fixed)

(d:/texlive/2021/texmf-dist/tex/latex/varwidth/varwidth.sty
Package: varwidth 2009/03/30 ver 0.92;  Variable-width minipages
\@vwid@box=\box60
\sift@deathcycles=\count285
\@vwid@loff=\dimen262
\@vwid@roff=\dimen263
)
\c@taburow=\count286
\tabu@nbcols=\count287
\tabu@cnt=\count288
\tabu@Xcol=\count289
\tabu@alloc=\count290
\tabu@nested=\count291
\tabu@target=\dimen264
\tabu@spreadtarget=\dimen265
\tabu@naturalX=\dimen266
\tabucolX=\dimen267
\tabu@Xsum=\dimen268
\extrarowdepth=\dimen269
\abovetabulinesep=\dimen270
\belowtabulinesep=\dimen271
\tabustrutrule=\dimen272
\tabu@thebody=\toks33
\tabu@footnotes=\toks34
\tabu@box=\box61
\tabu@arstrutbox=\box62
\tabu@hleads=\box63
\tabu@vleads=\box64
\tabu@cellskip=\skip60
)
(d:/texlive/2021/texmf-dist/tex/latex/multirow/multirow.sty
Package: multirow 2021/03/15 v2.8 Span multiple rows of a table
\multirow@colwidth=\skip61
\multirow@cntb=\count292
\multirow@dima=\skip62
\bigstrutjot=\dimen273
)
(d:/texlive/2021/texmf-dist/tex/latex/l3backend/l3backend-pdftex.def
File: l3backend-pdftex.def 2021-08-04 L3 backend support: PDF output (pdfTeX)
\l__color_backend_stack_int=\count293
\l__pdf_internal_box=\box65
)
(./bare_jrnl.aux)
\openout1 = `bare_jrnl.aux'.

LaTeX Font Info:    Checking defaults for OML/cmm/m/it on input line 373.
LaTeX Font Info:    ... okay on input line 373.
LaTeX Font Info:    Checking defaults for OMS/cmsy/m/n on input line 373.
LaTeX Font Info:    ... okay on input line 373.
LaTeX Font Info:    Checking defaults for OT1/cmr/m/n on input line 373.
LaTeX Font Info:    ... okay on input line 373.
LaTeX Font Info:    Checking defaults for T1/cmr/m/n on input line 373.
LaTeX Font Info:    ... okay on input line 373.
LaTeX Font Info:    Checking defaults for TS1/cmr/m/n on input line 373.
LaTeX Font Info:    ... okay on input line 373.
LaTeX Font Info:    Checking defaults for OMX/cmex/m/n on input line 373.
LaTeX Font Info:    ... okay on input line 373.
LaTeX Font Info:    Checking defaults for U/cmr/m/n on input line 373.
LaTeX Font Info:    ... okay on input line 373.

-- Lines per column: 58 (exact).
(d:/texlive/2021/texmf-dist/tex/context/base/mkii/supp-pdf.mkii
[Loading MPS to PDF converter (version 2006.09.02).]
\scratchcounter=\count294
\scratchdimen=\dimen274
\scratchbox=\box66
\nofMPsegments=\count295
\nofMParguments=\count296
\everyMPshowfont=\toks35
\MPscratchCnt=\count297
\MPscratchDim=\dimen275
\MPnumerator=\count298
\makeMPintoPDFobject=\count299
\everyMPtoPDFconversion=\toks36
)
LaTeX Font Info:    Trying to load font information for U+msa on input line 456
.
 (d:/texlive/2021/texmf-dist/tex/latex/amsfonts/umsa.fd
File: umsa.fd 2013/01/14 v3.01 AMS symbols A
)
LaTeX Font Info:    Trying to load font information for U+msb on input line 456
.

(d:/texlive/2021/texmf-dist/tex/latex/amsfonts/umsb.fd
File: umsb.fd 2013/01/14 v3.01 AMS symbols B
) [1{d:/texlive/2021/texmf-var/fonts/map/pdftex/updmap/pdftex.map}


] [2]
LaTeX Font Info:    Trying to load font information for OT1+phv on input line 6
62.

(d:/texlive/2021/texmf-dist/tex/latex/psnfss/ot1phv.fd
File: ot1phv.fd 2020/03/25 scalable font definitions for OT1/phv.
)
Overfull \hbox (7.62799pt too wide) detected at line 726
[]
 []


Underfull \hbox (badness 10000) in paragraph at lines 743--745

 []

[3]
Underfull \hbox (badness 10000) in paragraph at lines 830--831

 []

<GMS-eps-converted-to.pdf, id=29, 715.67375pt x 445.665pt>
File: GMS-eps-converted-to.pdf Graphic file (type pdf)
<use GMS-eps-converted-to.pdf>
Package pdftex.def Info: GMS-eps-converted-to.pdf  used on input line 843.
(pdftex.def)             Requested size: 258.0pt x 160.66368pt.

Overfull \hbox (6.0pt too wide) in paragraph at lines 843--844
[][] 
 []

[4 <./GMS-eps-converted-to.pdf>]
Underfull \hbox (badness 10000) in paragraph at lines 865--866

 []

<AGMS-eps-converted-to.pdf, id=72, 716.6775pt x 512.91624pt>
File: AGMS-eps-converted-to.pdf Graphic file (type pdf)
<use AGMS-eps-converted-to.pdf>
Package pdftex.def Info: AGMS-eps-converted-to.pdf  used on input line 870.
(pdftex.def)             Requested size: 258.0pt x 184.6497pt.

Overfull \hbox (6.0pt too wide) in paragraph at lines 870--871
[][] 
 []

[5 <./AGMS-eps-converted-to.pdf>]
Overfull \hbox (4.93571pt too wide) detected at line 952
\OML/cmm/m/it/10 acc \OMS/cmsy/m/n/10 ^^U \OT1/cmr/m/n/10 (1 \OMS/cmsy/m/n/10 ^
^@ []\OT1/cmr/m/n/10 )(\OML/cmm/m/it/10 " \OMS/cmsy/m/n/10 ^^@ [] ^^@ []\OML/cm
m/m/it/10 "[]\OT1/cmr/m/n/10 ) \OML/cmm/m/it/10 :
 []

[6]
Underfull \hbox (badness 1540) in paragraph at lines 966--969
\OT1/ptm/b/n/10 Output: \OT1/ptm/m/n/10 Even-tu-ally, $\OMS/cmsy/m/n/10 F$ \OT1
/ptm/m/n/10 out-puts a forged multi-signature
 []


Underfull \hbox (badness 3312) in paragraph at lines 982--983
\OT1/ptm/m/n/10 where we set $[] \OT1/cmr/m/n/10 = []$ \OT1/ptm/m/n/10 and $[][
] \OT1/cmr/m/n/10 =
 []


Underfull \hbox (badness 1661) in paragraph at lines 1009--1011
[]\OT1/ptm/m/n/10 In the-ory, we briefly com-pare the pro-posed schemes
 []

[7]
<FigA2.jpg, id=118, 537.22581pt x 363.74959pt>
File: FigA2.jpg Graphic file (type jpg)
<use FigA2.jpg>
Package pdftex.def Info: FigA2.jpg  used on input line 1095.
(pdftex.def)             Requested size: 232.19843pt x 157.21962pt.
<Fig3.jpg, id=119, 536.02603pt x 359.51501pt>
File: Fig3.jpg Graphic file (type jpg)
<use Fig3.jpg>
Package pdftex.def Info: Fig3.jpg  used on input line 1102.
(pdftex.def)             Requested size: 232.19843pt x 155.73495pt.
 [8]
Underfull \vbox (badness 10000) has occurred while \output is active []

<Fig4.jpg, id=123, 537.22581pt x 363.74959pt>
File: Fig4.jpg Graphic file (type jpg)
<use Fig4.jpg>
Package pdftex.def Info: Fig4.jpg  used on input line 1114.
(pdftex.def)             Requested size: 232.19843pt x 157.21962pt.
<Fig5.jpg, id=124, 536.02603pt x 359.51501pt>
File: Fig5.jpg Graphic file (type jpg)
<use Fig5.jpg>
Package pdftex.def Info: Fig5.jpg  used on input line 1120.
(pdftex.def)             Requested size: 232.19843pt x 155.73495pt.
<Fig6.jpg, id=125, 535.39084pt x 355.91563pt>
File: Fig6.jpg Graphic file (type jpg)
<use Fig6.jpg>
Package pdftex.def Info: Fig6.jpg  used on input line 1130.
(pdftex.def)             Requested size: 232.19843pt x 154.36041pt.
<FigA1.jpg, id=126, 537.22581pt x 366.14919pt>
File: FigA1.jpg Graphic file (type jpg)
<use FigA1.jpg>
Package pdftex.def Info: FigA1.jpg  used on input line 1136.
(pdftex.def)             Requested size: 232.19843pt x 158.25677pt.
 [9]
[10 <./FigA2.jpg> <./Fig3.jpg> <./Fig4.jpg> <./Fig5.jpg> <./Fig6.jpg> <./FigA1.
jpg>]
<transaction-eps-converted-to.pdf, id=134, 530.98375pt x 399.4925pt>
File: transaction-eps-converted-to.pdf Graphic file (type pdf)
<use transaction-eps-converted-to.pdf>
Package pdftex.def Info: transaction-eps-converted-to.pdf  used on input line 1
152.
(pdftex.def)             Requested size: 258.0pt x 194.11327pt.

Overfull \hbox (6.0pt too wide) in paragraph at lines 1152--1153
[][] 
 []


Underfull \hbox (badness 1845) in paragraph at lines 1159--1160
\OT1/ptm/b/n/10 Step 1: Syn-chro-niza-tion. \OT1/ptm/m/n/10 All the en-dorsers 
$\OML/cmm/m/it/10 En[]\OT1/cmr/m/n/10 (\OML/cmm/m/it/10 i \OT1/cmr/m/n/10 =
 []

<Fig8.jpg, id=135, 535.39084pt x 357.75061pt>
File: Fig8.jpg Graphic file (type jpg)
<use Fig8.jpg>
Package pdftex.def Info: Fig8.jpg  used on input line 1189.
(pdftex.def)             Requested size: 232.19843pt x 155.15625pt.
<Fig9.jpg, id=136, 535.39084pt x 359.51501pt>
File: Fig9.jpg Graphic file (type jpg)
<use Fig9.jpg>
Package pdftex.def Info: Fig9.jpg  used on input line 1195.
(pdftex.def)             Requested size: 232.19843pt x 155.92148pt.
<Fig10.jpg, id=137, 539.62541pt x 366.14919pt>
File: Fig10.jpg Graphic file (type jpg)
<use Fig10.jpg>
Package pdftex.def Info: Fig10.jpg  used on input line 1203.
(pdftex.def)             Requested size: 232.19843pt x 157.55281pt.
<Fig11.jpg, id=138, 557.69292pt x 366.14919pt>
File: Fig11.jpg Graphic file (type jpg)
<use Fig11.jpg>
Package pdftex.def Info: Fig11.jpg  used on input line 1209.
(pdftex.def)             Requested size: 232.19843pt x 152.44632pt.
[11 <./transaction-eps-converted-to.pdf>] (./bare_jrnl.bbl [12 <./Fig8.jpg> <./
Fig9.jpg> <./Fig10.jpg> <./Fig11.jpg>]
Underfull \hbox (badness 2409) in paragraph at lines 184--188
[]\OT1/ptm/m/n/8 B. Alan-got, M. Suresh, A. S. Raj, R. K. Pathi-narupothi, and
 []

)
<Yue.jpg, id=194, 115.632pt x 154.176pt>
File: Yue.jpg Graphic file (type jpg)
<use Yue.jpg>
Package pdftex.def Info: Yue.jpg  used on input line 1285.
(pdftex.def)             Requested size: 67.75471pt x 90.33961pt.
File: Yue.jpg Graphic file (type jpg)
<use Yue.jpg>
Package pdftex.def Info: Yue.jpg  used on input line 1285.
(pdftex.def)             Requested size: 67.75471pt x 90.33961pt.
 [13 <./Yue.jpg>]
<Peng.jpg, id=202, 57.816pt x 80.9424pt>
File: Peng.jpg Graphic file (type jpg)
<use Peng.jpg>
Package pdftex.def Info: Peng.jpg  used on input line 1289.
(pdftex.def)             Requested size: 64.53026pt x 90.34239pt.
File: Peng.jpg Graphic file (type jpg)
<use Peng.jpg>
Package pdftex.def Info: Peng.jpg  used on input line 1289.
(pdftex.def)             Requested size: 64.53026pt x 90.34239pt.
<Yuhong.jpg, id=205, 681.747pt x 1021.1751pt>
File: Yuhong.jpg Graphic file (type jpg)
<use Yuhong.jpg>
Package pdftex.def Info: Yuhong.jpg  used on input line 1293.
(pdftex.def)             Requested size: 60.30391pt x 90.32802pt.
File: Yuhong.jpg Graphic file (type jpg)
<use Yuhong.jpg>
Package pdftex.def Info: Yuhong.jpg  used on input line 1293.
(pdftex.def)             Requested size: 60.30391pt x 90.32802pt.
 [14

 <./Peng.jpg> <./Yuhong.jpg>] (./bare_jrnl.aux) ) 
Here is how much of TeX's memory you used:
 5927 strings out of 478599
 90833 string characters out of 5858102
 438769 words of memory out of 5000000
 23671 multiletter control sequences out of 15000+600000
 457984 words of font info for 123 fonts, out of 8000000 for 9000
 1144 hyphenation exceptions out of 8191
 57i,14n,66p,2208b,369s stack positions out of 5000i,500n,10000p,200000b,80000s
{d:/texlive/2021/texmf-dist/fo
nts/enc/dvips/base/8r.enc}<d:/texlive/2021/texmf-dist/fonts/type1/public/amsfon
ts/cm/cmex10.pfb><d:/texlive/2021/texmf-dist/fonts/type1/public/amsfonts/cmextr
a/cmex7.pfb><d:/texlive/2021/texmf-dist/fonts/type1/public/amsfonts/cm/cmmi10.p
fb><d:/texlive/2021/texmf-dist/fonts/type1/public/amsfonts/cm/cmmi5.pfb><d:/tex
live/2021/texmf-dist/fonts/type1/public/amsfonts/cm/cmmi6.pfb><d:/texlive/2021/
texmf-dist/fonts/type1/public/amsfonts/cm/cmmi7.pfb><d:/texlive/2021/texmf-dist
/fonts/type1/public/amsfonts/cm/cmmi8.pfb><d:/texlive/2021/texmf-dist/fonts/typ
e1/public/amsfonts/cm/cmmi9.pfb><d:/texlive/2021/texmf-dist/fonts/type1/public/
amsfonts/cm/cmr10.pfb><d:/texlive/2021/texmf-dist/fonts/type1/public/amsfonts/c
m/cmr5.pfb><d:/texlive/2021/texmf-dist/fonts/type1/public/amsfonts/cm/cmr6.pfb>
<d:/texlive/2021/texmf-dist/fonts/type1/public/amsfonts/cm/cmr7.pfb><d:/texlive
/2021/texmf-dist/fonts/type1/public/amsfonts/cm/cmr8.pfb><d:/texlive/2021/texmf
-dist/fonts/type1/public/amsfonts/cm/cmsy10.pfb><d:/texlive/2021/texmf-dist/fon
ts/type1/public/amsfonts/cm/cmsy5.pfb><d:/texlive/2021/texmf-dist/fonts/type1/p
ublic/amsfonts/cm/cmsy7.pfb><d:/texlive/2021/texmf-dist/fonts/type1/public/amsf
onts/cm/cmsy8.pfb><d:/texlive/2021/texmf-dist/fonts/type1/public/amsfonts/symbo
ls/msbm10.pfb><d:/texlive/2021/texmf-dist/fonts/type1/public/amsfonts/symbols/m
sbm7.pfb><d:/texlive/2021/texmf-dist/fonts/type1/urw/helvetic/uhvr8a.pfb><d:/te
xlive/2021/texmf-dist/fonts/type1/urw/times/utmb8a.pfb><d:/texlive/2021/texmf-d
ist/fonts/type1/urw/times/utmbi8a.pfb><d:/texlive/2021/texmf-dist/fonts/type1/u
rw/times/utmr8a.pfb><d:/texlive/2021/texmf-dist/fonts/type1/urw/times/utmri8a.p
fb>
Output written on bare_jrnl.pdf (14 pages, 26196026 bytes).
PDF statistics:
 314 PDF objects out of 1000 (max. 8388607)
 168 compressed objects within 2 object streams
 0 named destinations out of 1000 (max. 500000)
 117 words of extra memory for PDF output out of 10000 (max. 10000000)

